Removed Pin From Net: NetName=NetDS1_1 Pin=DS1-1
Removed Pin From Net: NetName=VBUS Pin=DS1-2
Removed Pin From Net: NetName=RESET Pin=U6-1
Removed Pin From Net: NetName=ATRX Pin=U6-2
Removed Pin From Net: NetName=ATTX Pin=U6-3
Removed Pin From Net: NetName=MONITOREN Pin=U6-4
Removed Pin From Net: NetName=ALMOUT Pin=U6-5
Removed Pin From Net: NetName=BATSTAT Pin=U6-6
Removed Pin From Net: NetName=+5V Pin=U6-7
Removed Pin From Net: NetName=GND Pin=U6-8
Removed Pin From Net: NetName=XTAL1 Pin=U6-9
Removed Pin From Net: NetName=XTAL2 Pin=U6-10
Removed Pin From Net: NetName=POTCS Pin=U6-11
Removed Pin From Net: NetName=POTINC Pin=U6-12
Removed Pin From Net: NetName=POTU/D Pin=U6-13
Removed Pin From Net: NetName=DUR1 Pin=U6-14
Removed Pin From Net: NetName=DUR2 Pin=U6-15
Removed Pin From Net: NetName=AVCC_CTRL Pin=U6-16
Removed Pin From Net: NetName=MOSI Pin=U6-17
Removed Pin From Net: NetName=MISO Pin=U6-18
Removed Pin From Net: NetName=SCK Pin=U6-19
Removed Pin From Net: NetName=+5V Pin=U6-20
Removed Pin From Net: NetName=+5V Pin=U6-21
Removed Pin From Net: NetName=GND Pin=U6-22
Removed Pin From Net: NetName=VSIG Pin=U6-23
Removed Pin From Net: NetName=VBAT Pin=U6-24
Removed Pin From Net: NetName=GAINFBK Pin=U6-25
Removed Pin From Net: NetName=LED1 Pin=U6-26
Removed Pin From Net: NetName=LED2 Pin=U6-27
Removed Pin From Net: NetName=LED3 Pin=U6-28
Change Component Footprint: Designator=Alarm Old Footprint=HDR1X2 New Footprint=JST-2 Pin SMD Connector
Change Component Designator: OldDesignator= NewDesignator=P8
Change Component Designator: OldDesignator=Alarm NewDesignator=LS1
Change Component Designator: OldDesignator=Enable Button NewDesignator=S1
Change Component Designator: OldDesignator=ICSP NewDesignator=P1
Added Component: Designator=GC1(GARMENT_DIN)
Added Component: Designator=TP1(HDR1X2)
Added Component: Designator=TP2(HDR1X2)
Added Component: Designator=TP3(HDR1X2)
Added Component: Designator=TP4(HDR1X2)
Added Component: Designator=TP5(HDR1X2)
Added Component: Designator=TP6(HDR1X2)
Added Component: Designator=TP7(HDR1X2)
Added Component: Designator=TP8(HDR1X2)
Added Pin To Net: NetName=VBUS Pin=DS1-1
Added Pin To Net: NetName=NetDS1_1 Pin=DS1-2
Added Pin To Net: NetName=VBAT Pin=TP1-1
Added Pin To Net: NetName=GND Pin=TP1-2
Added Pin To Net: NetName=VCC Pin=TP2-1
Added Pin To Net: NetName=GND Pin=TP2-2
Added Pin To Net: NetName=+5V Pin=TP3-1
Added Pin To Net: NetName=GND Pin=TP3-2
Added Pin To Net: NetName=AVS Pin=TP4-1
Added Pin To Net: NetName=GND Pin=TP4-2
Added Pin To Net: NetName=VCARRIER Pin=TP5-1
Added Pin To Net: NetName=GND Pin=TP5-2
Added Pin To Net: NetName=VREF Pin=TP6-1
Added Pin To Net: NetName=GND Pin=TP6-2
Added Pin To Net: NetName=GAINFBK Pin=TP7-1
Added Pin To Net: NetName=GND Pin=TP7-2
Added Pin To Net: NetName=VSIG Pin=TP8-1
Added Pin To Net: NetName=GND Pin=TP8-2
Added Pin To Net: NetName=RESET Pin=U6-1
Added Pin To Net: NetName=ATRX Pin=U6-2
Added Pin To Net: NetName=ATTX Pin=U6-3
Added Pin To Net: NetName=MONITOREN Pin=U6-4
Added Pin To Net: NetName=ALMOUT Pin=U6-5
Added Pin To Net: NetName=BATSTAT Pin=U6-6
Added Pin To Net: NetName=+5V Pin=U6-7
Added Pin To Net: NetName=GND Pin=U6-8
Added Pin To Net: NetName=XTAL1 Pin=U6-9
Added Pin To Net: NetName=XTAL2 Pin=U6-10
Added Pin To Net: NetName=POTCS Pin=U6-11
Added Pin To Net: NetName=POTINC Pin=U6-12
Added Pin To Net: NetName=POTU/D Pin=U6-13
Added Pin To Net: NetName=DUR1 Pin=U6-14
Added Pin To Net: NetName=DUR2 Pin=U6-15
Added Pin To Net: NetName=AVCC_CTRL Pin=U6-16
Added Pin To Net: NetName=MOSI Pin=U6-17
Added Pin To Net: NetName=MISO Pin=U6-18
Added Pin To Net: NetName=SCK Pin=U6-19
Added Pin To Net: NetName=+5V Pin=U6-20
Added Pin To Net: NetName=+5V Pin=U6-21
Added Pin To Net: NetName=GND Pin=U6-22
Added Pin To Net: NetName=VSIG Pin=U6-23
Added Pin To Net: NetName=GAINFBK Pin=U6-25
Added Pin To Net: NetName=LED1 Pin=U6-26
Added Pin To Net: NetName=LED2 Pin=U6-27
Added Pin To Net: NetName=LED3 Pin=U6-28
Change Net Name : Old Net Name=NetDS1_1 New Net Name=NetDS1_2
Change Class Name : Old Net Name=CaRe_Schematic_SMD New Net Name=CaRe_Schematic_SMD_KRITIKARE
Added Member To Class: ClassName=CaRe_Schematic_GARMENT_CONNECTOR Member=Component GC1 GARMENT_CONNECTOR
Added Member To Class: ClassName=CaRe_Schematic_SMD_TOP_PANEL Member=Component P8 Header 5
Added Member To Class: ClassName=CaRe_Schematic_SMD_KRITIKARE Member=Component TP1 BATTERY VOLTAGE TEST POINT
Added Member To Class: ClassName=CaRe_Schematic_SMD_KRITIKARE Member=Component TP2 VCC TEST POINT
Added Member To Class: ClassName=CaRe_Schematic_SMD_KRITIKARE Member=Component TP3 +5V TEST POINT
Added Member To Class: ClassName=CaRe_Schematic_SMD_KRITIKARE Member=Component TP4 ANALOG VS TEST POINT
Added Member To Class: ClassName=CaRe_Schematic_SMD_KRITIKARE Member=Component TP5 VCARRIER TEST POINT
Added Member To Class: ClassName=CaRe_Schematic_SMD_KRITIKARE Member=Component TP6 VREF TEST POINT
Added Member To Class: ClassName=CaRe_Schematic_SMD_KRITIKARE Member=Component TP7 DIFF AMP TEST POINT
Added Member To Class: ClassName=CaRe_Schematic_SMD_KRITIKARE Member=Component TP8 VSIG TEST POINT
