Removed Pin From Net: NetName=RESET Pin=U6-1
Removed Pin From Net: NetName=ATRX Pin=U6-2
Removed Pin From Net: NetName=ATTX Pin=U6-3
Removed Pin From Net: NetName=MONITOREN Pin=U6-4
Removed Pin From Net: NetName=ALMOUT Pin=U6-5
Removed Pin From Net: NetName=BATSTAT Pin=U6-6
Removed Pin From Net: NetName=+5V Pin=U6-7
Removed Pin From Net: NetName=GND Pin=U6-8
Removed Pin From Net: NetName=XTAL1 Pin=U6-9
Removed Pin From Net: NetName=XTAL2 Pin=U6-10
Removed Pin From Net: NetName=POTCS Pin=U6-11
Removed Pin From Net: NetName=POTINC Pin=U6-12
Removed Pin From Net: NetName=POTU/D Pin=U6-13
Removed Pin From Net: NetName=DUR1 Pin=U6-14
Removed Pin From Net: NetName=DUR2 Pin=U6-15
Removed Pin From Net: NetName=AVCC_CTRL Pin=U6-16
Removed Pin From Net: NetName=MOSI Pin=U6-17
Removed Pin From Net: NetName=MISO Pin=U6-18
Removed Pin From Net: NetName=SCK Pin=U6-19
Removed Pin From Net: NetName=+5V Pin=U6-20
Removed Pin From Net: NetName=+5V Pin=U6-21
Removed Pin From Net: NetName=GND Pin=U6-22
Removed Pin From Net: NetName=VSIG Pin=U6-23
Removed Pin From Net: NetName=VBAT Pin=U6-24
Removed Pin From Net: NetName=GAINFBK Pin=U6-25
Removed Pin From Net: NetName=LED1 Pin=U6-26
Removed Pin From Net: NetName=LED2 Pin=U6-27
Removed Pin From Net: NetName=LED3 Pin=U6-28
Removed Member From Class: ClassName=CaRe_Schematic_SMD_TOP_PANEL Member=*?
Change Component DesignItemId : Designator=* Old DesignItemId=GARMENT_CONNECTOR New DesignItemId=SLIDER
Change Component Footprint: Designator=* Old Footprint=GARMENT_DIN New Footprint=SLIDER
Change Component Comment : Designator=* Old Comment=GARMENT_CONNECTOR New Comment=SLIDER
Added Component: Designator=*(Power_Switch)
Added Component: Designator=*(GARMENT_DIN)
Added Component: Designator=P?(HDR1X5)
Added Component: Designator=R?(RES0805)
Added Component: Designator=R?(RES0805)
Added Component: Designator=R?(RES0805)
Added Pin To Net: NetName=RESET Pin=U6-1
Added Pin To Net: NetName=ATRX Pin=U6-2
Added Pin To Net: NetName=ATTX Pin=U6-3
Added Pin To Net: NetName=MONITOREN Pin=U6-4
Added Pin To Net: NetName=ALMOUT Pin=U6-5
Added Pin To Net: NetName=BATSTAT Pin=U6-6
Added Pin To Net: NetName=+5V Pin=U6-7
Added Pin To Net: NetName=GND Pin=U6-8
Added Pin To Net: NetName=XTAL1 Pin=U6-9
Added Pin To Net: NetName=XTAL2 Pin=U6-10
Added Pin To Net: NetName=POTCS Pin=U6-11
Added Pin To Net: NetName=POTINC Pin=U6-12
Added Pin To Net: NetName=POTU/D Pin=U6-13
Added Pin To Net: NetName=DUR1 Pin=U6-14
Added Pin To Net: NetName=DUR2 Pin=U6-15
Added Pin To Net: NetName=AVCC_CTRL Pin=U6-16
Added Pin To Net: NetName=MOSI Pin=U6-17
Added Pin To Net: NetName=MISO Pin=U6-18
Added Pin To Net: NetName=SCK Pin=U6-19
Added Pin To Net: NetName=+5V Pin=U6-20
Added Pin To Net: NetName=+5V Pin=U6-21
Added Pin To Net: NetName=GND Pin=U6-22
Added Pin To Net: NetName=VSIG Pin=U6-23
Added Pin To Net: NetName=VBAT Pin=U6-24
Added Pin To Net: NetName=GAINFBK Pin=U6-25
Added Pin To Net: NetName=LED1 Pin=U6-26
Added Pin To Net: NetName=LED2 Pin=U6-27
Added Pin To Net: NetName=LED3 Pin=U6-28
Added Pin To Net: NetName=+5V_T Pin=P?-1
Added Net: Name=+5V_T
Added Pin To Net: NetName=DUR1_T Pin=P?-3
Added Pin To Net: NetName=DUR1_T Pin=R?-2
Added Net: Name=DUR1_T
Added Pin To Net: NetName=DUR2_T Pin=P?-4
Added Pin To Net: NetName=DUR2_T Pin=R?-2
Added Net: Name=DUR2_T
Added Pin To Net: NetName=GND_T Pin=P?-5
Added Pin To Net: NetName=GND_T Pin=R?-1
Added Pin To Net: NetName=GND_T Pin=R?-1
Added Pin To Net: NetName=GND_T Pin=R?-1
Added Net: Name=GND_T
Added Pin To Net: NetName=LED- Pin=R?-2
Added Net: Name=LED-
Added Pin To Net: NetName=VCC_T Pin=P?-2
Added Net: Name=VCC_T
Added Member To Class: ClassName=CaRe_Schematic_SMD_TOP_PANEL Member=Component * ON/OFF Rocker
Added Member To Class: ClassName=CaRe_Schematic_SMD_TOP_PANEL Member=Component P? Header 5
Added Member To Class: ClassName=CaRe_Schematic_SMD_TOP_PANEL Member=Component R? Resistor
Added Member To Class: ClassName=CaRe_Schematic_SMD Member=Component U6 ATmega328P-PU
