Change Component Footprint: Designator=D4 Old Footprint=LED-0 New Footprint=10mmLED
Change Component Footprint: Designator=D5 Old Footprint=LED-0 New Footprint=10mmLED
Change Component Footprint: Designator=D6 Old Footprint=LED-0 New Footprint=10mmLED
Change Component Footprint: Designator=S1 Old Footprint=SPST-2 New Footprint=SPST
Added Component: Designator=LS1(JST-2 Pin SMD Connector)
Added Component: Designator=U6(28P3)
Added Pin To Net: NetName=ALMOUT_F Pin=LS1-1
Added Pin To Net: NetName=GND_F Pin=LS1-2
Added Pin To Net: NetName=RESET Pin=U6-1
Added Pin To Net: NetName=ATRX Pin=U6-2
Added Pin To Net: NetName=ATTX Pin=U6-3
Added Pin To Net: NetName=ALMOUT Pin=U6-5
Added Pin To Net: NetName=BATSTAT Pin=U6-6
Added Pin To Net: NetName=+5V Pin=U6-7
Added Pin To Net: NetName=GND Pin=U6-8
Added Pin To Net: NetName=XTAL1 Pin=U6-9
Added Pin To Net: NetName=XTAL2 Pin=U6-10
Added Pin To Net: NetName=POTCS Pin=U6-11
Added Pin To Net: NetName=POTINC Pin=U6-12
Added Pin To Net: NetName=POTU/D Pin=U6-13
Added Pin To Net: NetName=DUR1 Pin=U6-14
Added Pin To Net: NetName=DUR2 Pin=U6-15
Added Pin To Net: NetName=AVCC_CTRL Pin=U6-16
Added Pin To Net: NetName=MOSI Pin=U6-17
Added Pin To Net: NetName=MISO Pin=U6-18
Added Pin To Net: NetName=SCK Pin=U6-19
Added Pin To Net: NetName=+5V Pin=U6-20
Added Pin To Net: NetName=+5V Pin=U6-21
Added Pin To Net: NetName=GND Pin=U6-22
Added Pin To Net: NetName=VSIG Pin=U6-23
Added Pin To Net: NetName=VBAT Pin=U6-24
Added Pin To Net: NetName=GAINFBK Pin=U6-25
Added Pin To Net: NetName=LED1 Pin=U6-26
Added Pin To Net: NetName=LED2 Pin=U6-27
Added Pin To Net: NetName=LED3 Pin=U6-28
Added Member To Class: ClassName=CaRe_Schematic_GARMENT_CONNECTOR Member=Component * GARMENT_CONNECTOR
Added Member To Class: ClassName=CaRe_Schematic_SMD_FRONT_PANEL Member=Component LS1 ALARM
Added Member To Class: ClassName=CaRe_Schematic_SMD Member=Component U6 ATmega328P-PU
Added Room: Name=CaRe_Schematic_GARMENT_CONNECTOR
Added Room: Name=CaRe_Schematic_SMD
Added Room: Name=CaRe_Schematic_SMD_FRONT_PANEL
Added Room: Name=CaRe_Schematic_SMD_TOP_PANEL
