Removed Pin From Net: NetName=RESET Pin=U6-1
Removed Pin From Net: NetName=ATRX Pin=U6-2
Removed Pin From Net: NetName=ATTX Pin=U6-3
Removed Pin From Net: NetName=ALMOUT Pin=U6-5
Removed Pin From Net: NetName=BATSTAT Pin=U6-6
Removed Pin From Net: NetName=+5V Pin=U6-7
Removed Pin From Net: NetName=GND Pin=U6-8
Removed Pin From Net: NetName=XTAL1 Pin=U6-9
Removed Pin From Net: NetName=XTAL2 Pin=U6-10
Removed Pin From Net: NetName=POTCS Pin=U6-11
Removed Pin From Net: NetName=POTINC Pin=U6-12
Removed Pin From Net: NetName=POTU/D Pin=U6-13
Removed Pin From Net: NetName=DUR1 Pin=U6-14
Removed Pin From Net: NetName=DUR2 Pin=U6-15
Removed Pin From Net: NetName=AVCC_CTRL Pin=U6-16
Removed Pin From Net: NetName=MOSI Pin=U6-17
Removed Pin From Net: NetName=MISO Pin=U6-18
Removed Pin From Net: NetName=SCK Pin=U6-19
Removed Pin From Net: NetName=+5V Pin=U6-20
Removed Pin From Net: NetName=+5V Pin=U6-21
Removed Pin From Net: NetName=GND Pin=U6-22
Removed Pin From Net: NetName=VSIG Pin=U6-23
Removed Pin From Net: NetName=VBAT Pin=U6-24
Removed Pin From Net: NetName=GAINFBK Pin=U6-25
Removed Pin From Net: NetName=LED1 Pin=U6-26
Removed Pin From Net: NetName=LED2 Pin=U6-27
Removed Pin From Net: NetName=LED3 Pin=U6-28
Removed Member From Class: ClassName=CaRe_Schematic_SMD_FRONT_PANEL Member=*
Change Component Comment : Designator=P7 Old Comment=FRONT_PANEL New Comment=FRNT_PNL
Change Component Comment : Designator=P5 Old Comment=TOP_PANEL New Comment=TOP_PNL
Added Component: Designator=D4(LED-0)
Added Component: Designator=D5(LED-0)
Added Component: Designator=D6(LED-0)
Added Component: Designator=P3(HDR1X7)
Added Component: Designator=R22(RES0805)
Added Component: Designator=R23(RES0805)
Added Component: Designator=S1(SPST-2)
Added Component: Designator=U6(28P3)
Added Pin To Net: NetName=RESET Pin=U6-1
Added Pin To Net: NetName=ATRX Pin=U6-2
Added Pin To Net: NetName=ATTX Pin=U6-3
Added Pin To Net: NetName=ALMOUT Pin=U6-5
Added Pin To Net: NetName=BATSTAT Pin=U6-6
Added Pin To Net: NetName=+5V Pin=U6-7
Added Pin To Net: NetName=GND Pin=U6-8
Added Pin To Net: NetName=XTAL1 Pin=U6-9
Added Pin To Net: NetName=XTAL2 Pin=U6-10
Added Pin To Net: NetName=POTCS Pin=U6-11
Added Pin To Net: NetName=POTINC Pin=U6-12
Added Pin To Net: NetName=POTU/D Pin=U6-13
Added Pin To Net: NetName=DUR1 Pin=U6-14
Added Pin To Net: NetName=DUR2 Pin=U6-15
Added Pin To Net: NetName=AVCC_CTRL Pin=U6-16
Added Pin To Net: NetName=MOSI Pin=U6-17
Added Pin To Net: NetName=MISO Pin=U6-18
Added Pin To Net: NetName=SCK Pin=U6-19
Added Pin To Net: NetName=+5V Pin=U6-20
Added Pin To Net: NetName=+5V Pin=U6-21
Added Pin To Net: NetName=GND Pin=U6-22
Added Pin To Net: NetName=VSIG Pin=U6-23
Added Pin To Net: NetName=VBAT Pin=U6-24
Added Pin To Net: NetName=GAINFBK Pin=U6-25
Added Pin To Net: NetName=LED1 Pin=U6-26
Added Pin To Net: NetName=LED2 Pin=U6-27
Added Pin To Net: NetName=LED3 Pin=U6-28
Added Pin To Net: NetName=+5V_F Pin=P3-1
Added Pin To Net: NetName=+5V_F Pin=S1-1
Added Net: Name=+5V_F
Added Pin To Net: NetName=ALMOUT_F Pin=P3-6
Added Net: Name=ALMOUT_F
Added Pin To Net: NetName=GND_F Pin=P3-7
Added Pin To Net: NetName=GND_F Pin=R22-2
Added Pin To Net: NetName=GND_F Pin=R23-1
Added Net: Name=GND_F
Added Pin To Net: NetName=LED1_F Pin=D4-1
Added Pin To Net: NetName=LED1_F Pin=P3-3
Added Net: Name=LED1_F
Added Pin To Net: NetName=LED2_F Pin=D5-1
Added Pin To Net: NetName=LED2_F Pin=P3-4
Added Net: Name=LED2_F
Added Pin To Net: NetName=LED3_F Pin=D6-1
Added Pin To Net: NetName=LED3_F Pin=P3-5
Added Net: Name=LED3_F
Added Pin To Net: NetName=MONITOREN_F Pin=P3-2
Added Pin To Net: NetName=MONITOREN_F Pin=R23-2
Added Pin To Net: NetName=MONITOREN_F Pin=S1-2
Added Net: Name=MONITOREN_F
Added Pin To Net: NetName=NetD4_2 Pin=D4-2
Added Pin To Net: NetName=NetD4_2 Pin=D5-2
Added Pin To Net: NetName=NetD4_2 Pin=D6-2
Added Pin To Net: NetName=NetD4_2 Pin=R22-1
Added Net: Name=NetD4_2
Added Member To Class: ClassName=CaRe_Schematic_SMD_FRONT_PANEL Member=Component D4 STATUS
Added Member To Class: ClassName=CaRe_Schematic_SMD_FRONT_PANEL Member=Component D5 CARDIAC
Added Member To Class: ClassName=CaRe_Schematic_SMD_FRONT_PANEL Member=Component D6 RESPIRATORY
Added Member To Class: ClassName=CaRe_Schematic_SMD_FRONT_PANEL Member=Component P3 Front Panel Connections
Added Member To Class: ClassName=CaRe_Schematic_SMD_FRONT_PANEL Member=Component R22 Resistor
Added Member To Class: ClassName=CaRe_Schematic_SMD_FRONT_PANEL Member=Component R23 Resistor
Added Member To Class: ClassName=CaRe_Schematic_SMD_FRONT_PANEL Member=Component S1 ENABLE
