Removed Member From Class: ClassName=CaRe_Schematic_SMD_FRONT_PANEL Member=*?
Added Component: Designator=C12(CAP0805)
Added Component: Designator=C13(0805TANTCAP)
Added Component: Designator=C14(CAP0805)
Added Component: Designator=C15(CAP0805)
Added Component: Designator=C16(0805TANTCAP)
Added Component: Designator=C17(CAP0805)
Added Component: Designator=C18(CAP0805)
Added Component: Designator=C19(CAP0805)
Added Component: Designator=C20(CAP0805)
Added Component: Designator=C21(CAP0805)
Added Component: Designator=C22(0805TANTCAP)
Added Component: Designator=C23(0805TANTCAP)
Added Component: Designator=C24(CAP0805)
Added Component: Designator=C25(CAP0805)
Added Component: Designator=DS1(CHIP_LED0805)
Added Component: Designator=F1(MF-MSMF050 FOOTPRINT)
Added Component: Designator=L1(INDP4330X10N)
Added Component: Designator=P2(HDR1X4)
Added Component: Designator=P4(HDR1X2)
Added Component: Designator=P5(HDR1X7)
Added Component: Designator=P7(HDR1X7)
Added Component: Designator=R16(RES0805)
Added Component: Designator=R17(RES0805)
Added Component: Designator=R18(RES0805)
Added Component: Designator=R19(RES0805)
Added Component: Designator=R20(RES0805)
Added Component: Designator=R21(RES0805)
Added Component: Designator=U6(28P3)
Added Component: Designator=U7(SOT-23-OT5_L)
Added Component: Designator=U8(DRC10-2400X1650TP)
Added Pin To Net: NetName=+5V Pin=C12-1
Added Pin To Net: NetName=GND Pin=C12-2
Added Pin To Net: NetName=+5V Pin=C13-1
Added Pin To Net: NetName=GND Pin=C13-2
Added Pin To Net: NetName=GND Pin=C14-1
Added Pin To Net: NetName=VBUS Pin=C14-2
Added Pin To Net: NetName=GND Pin=C15-1
Added Pin To Net: NetName=XTAL1 Pin=C15-2
Added Pin To Net: NetName=VBUS Pin=C16-1
Added Pin To Net: NetName=GND Pin=C16-2
Added Pin To Net: NetName=GND Pin=C17-1
Added Pin To Net: NetName=VCC Pin=C17-2
Added Pin To Net: NetName=GND Pin=C18-1
Added Pin To Net: NetName=VUSB Pin=C18-2
Added Pin To Net: NetName=GND Pin=C19-1
Added Pin To Net: NetName=XTAL2 Pin=C19-2
Added Pin To Net: NetName=+5V Pin=C20-1
Added Pin To Net: NetName=GND Pin=C20-2
Added Pin To Net: NetName=UVLO 2.6V Pin=C21-1
Added Pin To Net: NetName=VBAT Pin=C21-2
Added Pin To Net: NetName=+5V Pin=C22-1
Added Pin To Net: NetName=GND Pin=C22-2
Added Pin To Net: NetName=VBAT Pin=C23-1
Added Pin To Net: NetName=GND Pin=C23-2
Added Pin To Net: NetName=VCC Pin=C24-1
Added Pin To Net: NetName=GND Pin=C24-2
Added Pin To Net: NetName=GND Pin=C25-1
Added Pin To Net: NetName=NetC25_2 Pin=C25-2
Added Pin To Net: NetName=NetDS1_1 Pin=DS1-1
Added Pin To Net: NetName=VBUS Pin=DS1-2
Added Pin To Net: NetName=VUSB Pin=F1-1
Added Pin To Net: NetName=VBUS Pin=F1-2
Added Pin To Net: NetName=VBAT Pin=L1-1
Added Pin To Net: NetName=NetL1_2 Pin=L1-2
Added Pin To Net: NetName=VUSB Pin=P2-1
Added Pin To Net: NetName=D+ Pin=P2-2
Added Pin To Net: NetName=D- Pin=P2-3
Added Pin To Net: NetName=GND Pin=P2-4
Added Pin To Net: NetName=VCC Pin=P4-1
Added Pin To Net: NetName=GND Pin=P4-2
Added Pin To Net: NetName=+5V Pin=P5-1
Added Pin To Net: NetName=VCC Pin=P5-2
Added Pin To Net: NetName=+3.3V Pin=P5-3
Added Pin To Net: NetName=DUR1 Pin=P5-4
Added Pin To Net: NetName=DUR2 Pin=P5-5
Added Pin To Net: NetName=GND Pin=P5-7
Added Pin To Net: NetName=+5V Pin=P7-1
Added Pin To Net: NetName=MONITOREN Pin=P7-2
Added Pin To Net: NetName=LED1 Pin=P7-3
Added Pin To Net: NetName=LED2 Pin=P7-4
Added Pin To Net: NetName=LED3 Pin=P7-5
Added Pin To Net: NetName=ALMOUT Pin=P7-6
Added Pin To Net: NetName=GND Pin=P7-7
Added Pin To Net: NetName=NetDS1_1 Pin=R16-1
Added Pin To Net: NetName=NetR16_2 Pin=R16-2
Added Pin To Net: NetName=GND Pin=R17-1
Added Pin To Net: NetName=NetR17_2 Pin=R17-2
Added Pin To Net: NetName=UVLO 2.6V Pin=R18-1
Added Pin To Net: NetName=VBAT Pin=R18-2
Added Pin To Net: NetName=NetR19_1 Pin=R19-1
Added Pin To Net: NetName=VCC Pin=R19-2
Added Pin To Net: NetName=GND Pin=R20-1
Added Pin To Net: NetName=UVLO 2.6V Pin=R20-2
Added Pin To Net: NetName=GND Pin=R21-1
Added Pin To Net: NetName=NetR19_1 Pin=R21-2
Added Pin To Net: NetName=AVS Pin=U1-4
Added Pin To Net: NetName=RESET Pin=U6-1
Added Pin To Net: NetName=ATRX Pin=U6-2
Added Pin To Net: NetName=ATTX Pin=U6-3
Added Pin To Net: NetName=AVCC_CTRL Pin=U6-5
Added Pin To Net: NetName=BATSTAT Pin=U6-6
Added Pin To Net: NetName=+5V Pin=U6-7
Added Pin To Net: NetName=GND Pin=U6-8
Added Pin To Net: NetName=XTAL1 Pin=U6-9
Added Pin To Net: NetName=XTAL2 Pin=U6-10
Added Pin To Net: NetName=POTCS Pin=U6-11
Added Pin To Net: NetName=POTINC Pin=U6-12
Added Pin To Net: NetName=POTU/D Pin=U6-13
Added Pin To Net: NetName=DUR1 Pin=U6-14
Added Pin To Net: NetName=DUR2 Pin=U6-15
Added Pin To Net: NetName=LED1 Pin=U6-16
Added Pin To Net: NetName=MOSI Pin=U6-17
Added Pin To Net: NetName=MISO Pin=U6-18
Added Pin To Net: NetName=SCK Pin=U6-19
Added Pin To Net: NetName=+5V Pin=U6-20
Added Pin To Net: NetName=+5V Pin=U6-21
Added Pin To Net: NetName=GND Pin=U6-22
Added Pin To Net: NetName=VSIG Pin=U6-23
Added Pin To Net: NetName=VCC Pin=U6-24
Added Pin To Net: NetName=GAINFBK Pin=U6-25
Added Pin To Net: NetName=LED2 Pin=U6-26
Added Pin To Net: NetName=LED3 Pin=U6-27
Added Pin To Net: NetName=ALMOUT Pin=U6-28
Added Pin To Net: NetName=NetR16_2 Pin=U7-1
Added Pin To Net: NetName=GND Pin=U7-2
Added Pin To Net: NetName=VCC Pin=U7-3
Added Pin To Net: NetName=VBUS Pin=U7-4
Added Pin To Net: NetName=NetR17_2 Pin=U7-5
Added Pin To Net: NetName=NetC25_2 Pin=U8-1
Added Pin To Net: NetName=VCC Pin=U8-2
Added Pin To Net: NetName=NetL1_2 Pin=U8-3
Added Pin To Net: NetName=GND Pin=U8-4
Added Pin To Net: NetName=VBAT Pin=U8-5
Added Pin To Net: NetName=VBAT Pin=U8-6
Added Pin To Net: NetName=UVLO 2.6V Pin=U8-7
Added Pin To Net: NetName=VBAT Pin=U8-8
Added Pin To Net: NetName=GND Pin=U8-9
Added Pin To Net: NetName=NetR19_1 Pin=U8-10
Added Pin To Net: NetName=GND Pin=U8-11
Added Member To Class: ClassName=CaRe_Schematic_SMD_FRONT_PANEL Member=Component * FRONT_PANEL
Added Member To Class: ClassName=CaRe_Schematic_SMD Member=Component C12 SockCap
Added Member To Class: ClassName=CaRe_Schematic_SMD Member=Component C13 SockCapPol
Added Member To Class: ClassName=CaRe_Schematic_SMD Member=Component C14 4.7uF
Added Member To Class: ClassName=CaRe_Schematic_SMD Member=Component C15 SockCap
Added Member To Class: ClassName=CaRe_Schematic_SMD Member=Component C16 10uF
Added Member To Class: ClassName=CaRe_Schematic_SMD Member=Component C17 4.7uF
Added Member To Class: ClassName=CaRe_Schematic_SMD Member=Component C18 100nF
Added Member To Class: ClassName=CaRe_Schematic_SMD Member=Component C19 SockCap
Added Member To Class: ClassName=CaRe_Schematic_SMD Member=Component C20 SockCap
Added Member To Class: ClassName=CaRe_Schematic_SMD Member=Component C21 100nF
Added Member To Class: ClassName=CaRe_Schematic_SMD Member=Component C22 SockCapPol
Added Member To Class: ClassName=CaRe_Schematic_SMD Member=Component C23 10uF
Added Member To Class: ClassName=CaRe_Schematic_SMD Member=Component C24 22uF
Added Member To Class: ClassName=CaRe_Schematic_SMD Member=Component C25 100nF
Added Member To Class: ClassName=CaRe_Schematic_SMD Member=Component DS1 CHIPLED_RED
Added Member To Class: ClassName=CaRe_Schematic_SMD Member=Component F1 MF-MSMF050-1
Added Member To Class: ClassName=CaRe_Schematic_SMD Member=Component L1 4.7uH
Added Member To Class: ClassName=CaRe_Schematic_SMD Member=Component P2 USB
Added Member To Class: ClassName=CaRe_Schematic_SMD Member=Component P4 BAT
Added Member To Class: ClassName=CaRe_Schematic_SMD Member=Component P5 TOP_PNL
Added Member To Class: ClassName=CaRe_Schematic_SMD Member=Component P7 FRNT_PNL
Added Member To Class: ClassName=CaRe_Schematic_SMD Member=Component R16 330
Added Member To Class: ClassName=CaRe_Schematic_SMD Member=Component R17 2K
Added Member To Class: ClassName=CaRe_Schematic_SMD Member=Component R18 2M
Added Member To Class: ClassName=CaRe_Schematic_SMD Member=Component R19 2M
Added Member To Class: ClassName=CaRe_Schematic_SMD Member=Component R20 220K
Added Member To Class: ClassName=CaRe_Schematic_SMD Member=Component R21 220K
Added Member To Class: ClassName=CaRe_Schematic_SMD Member=Component U6 ATmega328P-PU
Added Member To Class: ClassName=CaRe_Schematic_SMD Member=Component U7 MCP73831T-2ADI/OT
Added Member To Class: ClassName=CaRe_Schematic_SMD Member=Component U8 TPS61200DRCT
Added Room: Name=CaRe_Schematic_SMD
