Removed Pin From Net: NetName=UVLO 2.6V Pin=C13-1
Removed Pin From Net: NetName=VBAT Pin=C13-2
Removed Pin From Net: NetName=NetR13_2 Pin=U5-1
Removed Pin From Net: NetName=VCC Pin=U5-3
Removed Pin From Net: NetName=VBUS Pin=U5-4
Removed Pin From Net: NetName=NetR14_2 Pin=U5-5
Removed Pin From Net: NetName=NetR16_1 Pin=U7-1
Removed Pin From Net: NetName=GND Pin=U7-2
Change Component DesignItemId : Designator=C13 Old DesignItemId=Chip Cap New DesignItemId=SockCap
Change Component DesignItemId : Designator=U7 Old DesignItemId=LM4040 New DesignItemId=TPS61200DRCT
Change Component DesignItemId : Designator=U5 Old DesignItemId=MCP73831T-2ADI/OT New DesignItemId=TLV274IN
Change Component DesignItemId : Designator=C13 Old DesignItemId=SockCap New DesignItemId=Chip Cap
Change Component DesignItemId : Designator=U5 Old DesignItemId=TLV274IN New DesignItemId=MCP73831T-2ADI/OT
Change Component DesignItemId : Designator=U7 Old DesignItemId=TPS61200DRCT New DesignItemId=LM4040
Change Component Footprint: Designator=U7 Old Footprint=DRC10-2400X1650TP New Footprint=SOT23_L
Change Component Footprint: Designator=U7 Old Footprint=SOT23_L New Footprint=DRC10-2400X1650TP
Change Component Footprint: Designator=U5 Old Footprint=SOT-23-OT5_L New Footprint=TI-D14_L
Change Component Footprint: Designator=U5 Old Footprint=TI-D14_L New Footprint=SOT-23-OT5_L
Change Component Comment : Designator=C13 Old Comment=100nF New Comment=SockCap
Change Component Comment : Designator=U7 Old Comment=LM4040 New Comment=TPS61200DRCT
Change Component Comment : Designator=U5 Old Comment=MCP73831T-2ADI/OT New Comment=TLV274IN
Change Component Comment : Designator=C13 Old Comment=SockCap New Comment=100nF
Change Component Comment : Designator=U5 Old Comment=TLV274IN New Comment=MCP73831T-2ADI/OT
Change Component Comment : Designator=U7 Old Comment=TPS61200DRCT New Comment=LM4040
Change Component Library : Designator=C13 Old Library=CaRe_SchematicLib.SchLib New Library=CaReSchlib1.SchLib
Change Component Library : Designator=C13 Old Library=CaReSchlib1.SchLib New Library=CaRe_SchematicLib.SchLib
Added Pin To Net: NetName=GND Pin=C13-1
Added Pin To Net: NetName=UVLO 2.6V Pin=C13-1
Added Pin To Net: NetName=AVS Pin=C13-2
Added Pin To Net: NetName=VBAT Pin=C13-2
Added Pin To Net: NetName=NetU4_4 Pin=U4-4
Added Pin To Net: NetName=NetR5_2 Pin=U5-1
Added Pin To Net: NetName=NetR13_2 Pin=U5-1
Added Pin To Net: NetName=GND Pin=U5-2
Added Pin To Net: NetName=NetC4_1 Pin=U5-3
Added Pin To Net: NetName=VCC Pin=U5-3
Added Pin To Net: NetName=AVS Pin=U5-4
Added Pin To Net: NetName=VBUS Pin=U5-4
Added Pin To Net: NetName=NetC9_2 Pin=U5-5
Added Pin To Net: NetName=NetR14_2 Pin=U5-5
Added Pin To Net: NetName=NetC8_2 Pin=U5-6
Added Pin To Net: NetName=VSIG Pin=U5-7
Added Pin To Net: NetName=NetR7_1 Pin=U5-8
Added Pin To Net: NetName=NetR7_1 Pin=U5-9
Added Pin To Net: NetName=NetC7_1 Pin=U5-10
Added Pin To Net: NetName=GND Pin=U5-11
Added Pin To Net: NetName=GAINFBK Pin=U5-12
Added Pin To Net: NetName=NetC4_2 Pin=U5-13
Added Pin To Net: NetName=NetD1_1 Pin=U5-14
Added Pin To Net: NetName=NetC19_2 Pin=U7-1
Added Pin To Net: NetName=NetR16_1 Pin=U7-1
Added Pin To Net: NetName=GND Pin=U7-2
Added Pin To Net: NetName=VCC Pin=U7-2
Added Pin To Net: NetName=NetL1_2 Pin=U7-3
Added Pin To Net: NetName=GND Pin=U7-4
Added Pin To Net: NetName=VBAT Pin=U7-5
Added Pin To Net: NetName=VBAT Pin=U7-6
Added Pin To Net: NetName=UVLO 2.6V Pin=U7-7
Added Pin To Net: NetName=VBAT Pin=U7-8
Added Pin To Net: NetName=GND Pin=U7-9
Added Pin To Net: NetName=NetR21_1 Pin=U7-10
Added Pin To Net: NetName=GND Pin=U7-11
Added Member To Class: ClassName=CaRe_Schematic_SMD Member=Component C13 100nF
Added Member To Class: ClassName=CaRe_Schematic_SMD Member=Component U5 MCP73831T-2ADI/OT
Added Member To Class: ClassName=CaRe_Schematic_SMD Member=Component U7 LM4040
Added Room: Name=CaRe_Schematic_SMD
