Added Component: Designator=P2(HDR1X4)
Added Component: Designator=P4(JST-2 Pin SMD Connector)
Added Component: Designator=P5(JST-SH 6-PIN VERT)
Added Component: Designator=P6(JST 4-Pin SMD)
Added Component: Designator=P7(JST-SH 7-Pin Vertical SMD)
Added Component: Designator=U6(28P3)
Added Pin To Net: NetName=VUSB Pin=P2-1
Added Pin To Net: NetName=D+ Pin=P2-2
Added Pin To Net: NetName=D- Pin=P2-3
Added Pin To Net: NetName=GND Pin=P2-4
Added Pin To Net: NetName=VCC Pin=P4-1
Added Pin To Net: NetName=+5V Pin=P5-1
Added Pin To Net: NetName=VCC Pin=P5-2
Added Pin To Net: NetName=+3.3V Pin=P5-3
Added Pin To Net: NetName=DUR1 Pin=P5-4
Added Pin To Net: NetName=DUR2 Pin=P5-5
Added Pin To Net: NetName=GND Pin=P5-6
Added Pin To Net: NetName=VCARRIER Pin=P6-1
Added Pin To Net: NetName=VLEFT Pin=P6-2
Added Pin To Net: NetName=VRIGHT Pin=P6-3
Added Pin To Net: NetName=VREF Pin=P6-4
Added Pin To Net: NetName=+5V Pin=P7-1
Added Pin To Net: NetName=MONITOREN Pin=P7-2
Added Pin To Net: NetName=LED1 Pin=P7-3
Added Pin To Net: NetName=LED2 Pin=P7-4
Added Pin To Net: NetName=LED3 Pin=P7-5
Added Pin To Net: NetName=ALMOUT Pin=P7-6
Added Pin To Net: NetName=GND Pin=P7-7
Added Pin To Net: NetName=RESET Pin=U6-1
Added Pin To Net: NetName=ATRX Pin=U6-2
Added Pin To Net: NetName=ATTX Pin=U6-3
Added Pin To Net: NetName=AVCC_CTRL Pin=U6-5
Added Pin To Net: NetName=BATSTAT Pin=U6-6
Added Pin To Net: NetName=+5V Pin=U6-7
Added Pin To Net: NetName=GND Pin=U6-8
Added Pin To Net: NetName=XTAL1 Pin=U6-9
Added Pin To Net: NetName=XTAL2 Pin=U6-10
Added Pin To Net: NetName=POTCS Pin=U6-11
Added Pin To Net: NetName=POTINC Pin=U6-12
Added Pin To Net: NetName=POTU/D Pin=U6-13
Added Pin To Net: NetName=DUR1 Pin=U6-14
Added Pin To Net: NetName=DUR2 Pin=U6-15
Added Pin To Net: NetName=LED1 Pin=U6-16
Added Pin To Net: NetName=MOSI Pin=U6-17
Added Pin To Net: NetName=MISO Pin=U6-18
Added Pin To Net: NetName=SCK Pin=U6-19
Added Pin To Net: NetName=+5V Pin=U6-20
Added Pin To Net: NetName=+5V Pin=U6-21
Added Pin To Net: NetName=GND Pin=U6-22
Added Pin To Net: NetName=VSIG Pin=U6-23
Added Pin To Net: NetName=VCC Pin=U6-24
Added Pin To Net: NetName=GAINFBK Pin=U6-25
Added Pin To Net: NetName=LED2 Pin=U6-26
Added Pin To Net: NetName=LED3 Pin=U6-27
Added Pin To Net: NetName=ALMOUT Pin=U6-28
Added Member To Class: ClassName=CaRe_Schematic_SMD Member=Component P2 USB
Added Member To Class: ClassName=CaRe_Schematic_SMD Member=Component P4 BAT
Added Member To Class: ClassName=CaRe_Schematic_SMD Member=Component P5 TOP_PNL
Added Member To Class: ClassName=CaRe_Schematic_SMD Member=Component P6 ELECTRODES
Added Member To Class: ClassName=CaRe_Schematic_SMD Member=Component P7 FRNT_PNL
Added Member To Class: ClassName=CaRe_Schematic_SMD Member=Component U6 ATmega328P-PU
Added Room: Name=CaRe_Schematic_GARMENT_CONNECTOR
Added Room: Name=CaRe_Schematic_SMD
Added Room: Name=CaRe_Schematic_SMD_FRONT_PANEL
Added Room: Name=CaRe_Schematic_SMD_TOP_PANEL
