Removed Pin From Net: NetName=UVLO 2.6V Pin=C13-1
Removed Pin From Net: NetName=VBAT Pin=C13-2
Removed Pin From Net: NetName=NetR13_2 Pin=U5-1
Removed Pin From Net: NetName=GND Pin=U5-2
Removed Pin From Net: NetName=VCC Pin=U5-3
Removed Pin From Net: NetName=VBUS Pin=U5-4
Removed Pin From Net: NetName=NetR14_2 Pin=U5-5
Removed Pin From Net: NetName=NetR16_1 Pin=U7-1
Removed Pin From Net: NetName=VCC Pin=U7-2
Removed Pin From Net: NetName=NetL1_2 Pin=U7-3
Removed Pin From Net: NetName=GND Pin=U7-4
Removed Pin From Net: NetName=VBAT Pin=U7-5
Removed Pin From Net: NetName=VBAT Pin=U7-6
Removed Pin From Net: NetName=UVLO 2.6V Pin=U7-7
Removed Pin From Net: NetName=VBAT Pin=U7-8
Removed Pin From Net: NetName=GND Pin=U7-9
Removed Pin From Net: NetName=NetR21_1 Pin=U7-10
Removed Pin From Net: NetName=GND Pin=U7-11
Change Component Designator: OldDesignator=C11 NewDesignator=C?
Change Component Designator: OldDesignator=C12 NewDesignator=C?
Change Component Designator: OldDesignator=C13 NewDesignator=C?
Change Component Designator: OldDesignator=C17 NewDesignator=C?
Change Component Designator: OldDesignator=C18 NewDesignator=C?
Change Component Designator: OldDesignator=C19 NewDesignator=C?
Change Component Designator: OldDesignator=U5 NewDesignator=U?
Added Component: Designator=U?(DRC10-2400X1650TP)
Added Pin To Net: NetName=GND Pin=C13-1
Added Pin To Net: NetName=AVS Pin=C13-2
Added Pin To Net: NetName=UVLO 2.6V Pin=C?-1
Added Pin To Net: NetName=VBAT Pin=C?-2
Added Pin To Net: NetName=AVS Pin=U4-4
Added Pin To Net: NetName=NetR5_2 Pin=U5-1
Added Pin To Net: NetName=NetR5_2 Pin=U5-2
Added Pin To Net: NetName=NetC4_1 Pin=U5-3
Added Pin To Net: NetName=AVS Pin=U5-4
Added Pin To Net: NetName=NetC9_2 Pin=U5-5
Added Pin To Net: NetName=NetR16_1 Pin=U7-1
Added Pin To Net: NetName=GND Pin=U7-2
Added Pin To Net: NetName=NetR13_2 Pin=U?-1
Added Pin To Net: NetName=GND Pin=U?-2
Added Pin To Net: NetName=VCC Pin=U?-2
Added Pin To Net: NetName=NetL1_2 Pin=U?-3
Added Pin To Net: NetName=VCC Pin=U?-3
Added Pin To Net: NetName=GND Pin=U?-4
Added Pin To Net: NetName=VBUS Pin=U?-4
Added Pin To Net: NetName=NetR14_2 Pin=U?-5
Added Pin To Net: NetName=VBAT Pin=U?-5
Added Pin To Net: NetName=VBAT Pin=U?-6
Added Pin To Net: NetName=UVLO 2.6V Pin=U?-7
Added Pin To Net: NetName=VBAT Pin=U?-8
Added Pin To Net: NetName=GND Pin=U?-9
Added Pin To Net: NetName=NetR21_1 Pin=U?-10
Added Pin To Net: NetName=GND Pin=U?-11
Added Pin To Net: NetName=NetC?_2 Pin=C?-2
Added Pin To Net: NetName=NetC?_2 Pin=U?-1
Added Net: Name=NetC?_2
Added Member To Class: ClassName=CaRe_Schematic_SMD Member=Component C? 22uF
Added Member To Class: ClassName=CaRe_Schematic_SMD Member=Component U? TPS61200DRCT
Added Room: Name=CaRe_Schematic_SMD
