Removed Pin From Net: NetName=VREF Pin=P6-2
Removed Pin From Net: NetName=VLEFT Pin=P6-4
Removed Pin From Net: NetName=RESET Pin=U6-1
Removed Pin From Net: NetName=ATRX Pin=U6-2
Removed Pin From Net: NetName=ATTX Pin=U6-3
Removed Pin From Net: NetName=AVCC_CTRL Pin=U6-5
Removed Pin From Net: NetName=BATSTAT Pin=U6-6
Removed Pin From Net: NetName=+5V Pin=U6-7
Removed Pin From Net: NetName=GND Pin=U6-8
Removed Pin From Net: NetName=XTAL1 Pin=U6-9
Removed Pin From Net: NetName=XTAL2 Pin=U6-10
Removed Pin From Net: NetName=POTCS Pin=U6-11
Removed Pin From Net: NetName=POTINC Pin=U6-12
Removed Pin From Net: NetName=POTU/D Pin=U6-13
Removed Pin From Net: NetName=DUR1 Pin=U6-14
Removed Pin From Net: NetName=DUR2 Pin=U6-15
Removed Pin From Net: NetName=LED1 Pin=U6-16
Removed Pin From Net: NetName=MOSI Pin=U6-17
Removed Pin From Net: NetName=MISO Pin=U6-18
Removed Pin From Net: NetName=SCK Pin=U6-19
Removed Pin From Net: NetName=+5V Pin=U6-20
Removed Pin From Net: NetName=+5V Pin=U6-21
Removed Pin From Net: NetName=GND Pin=U6-22
Removed Pin From Net: NetName=VSIG Pin=U6-23
Removed Pin From Net: NetName=VCC Pin=U6-24
Removed Pin From Net: NetName=GAINFBK Pin=U6-25
Removed Pin From Net: NetName=LED2 Pin=U6-26
Removed Pin From Net: NetName=LED3 Pin=U6-27
Removed Pin From Net: NetName=ALMOUT Pin=U6-28
Added Component: Designator=*(GARMENT_DIN)
Added Component: Designator=P3(HDR1X5)
Added Component: Designator=U6(28P3)
Added Pin To Net: NetName=+5V Pin=P3-1
Added Pin To Net: NetName=VCARRIER Pin=P3-2
Added Pin To Net: NetName=GAINFBK Pin=P3-3
Added Pin To Net: NetName=VSIG Pin=P3-4
Added Pin To Net: NetName=GND Pin=P3-5
Added Pin To Net: NetName=VLEFT Pin=P6-2
Added Pin To Net: NetName=VREF Pin=P6-4
Added Pin To Net: NetName=RESET Pin=U6-1
Added Pin To Net: NetName=ATRX Pin=U6-2
Added Pin To Net: NetName=ATTX Pin=U6-3
Added Pin To Net: NetName=AVCC_CTRL Pin=U6-5
Added Pin To Net: NetName=BATSTAT Pin=U6-6
Added Pin To Net: NetName=+5V Pin=U6-7
Added Pin To Net: NetName=GND Pin=U6-8
Added Pin To Net: NetName=XTAL1 Pin=U6-9
Added Pin To Net: NetName=XTAL2 Pin=U6-10
Added Pin To Net: NetName=POTCS Pin=U6-11
Added Pin To Net: NetName=POTINC Pin=U6-12
Added Pin To Net: NetName=POTU/D Pin=U6-13
Added Pin To Net: NetName=DUR1 Pin=U6-14
Added Pin To Net: NetName=DUR2 Pin=U6-15
Added Pin To Net: NetName=LED1 Pin=U6-16
Added Pin To Net: NetName=MOSI Pin=U6-17
Added Pin To Net: NetName=MISO Pin=U6-18
Added Pin To Net: NetName=SCK Pin=U6-19
Added Pin To Net: NetName=+5V Pin=U6-20
Added Pin To Net: NetName=+5V Pin=U6-21
Added Pin To Net: NetName=GND Pin=U6-22
Added Pin To Net: NetName=VSIG Pin=U6-23
Added Pin To Net: NetName=VCC Pin=U6-24
Added Pin To Net: NetName=GAINFBK Pin=U6-25
Added Pin To Net: NetName=LED2 Pin=U6-26
Added Pin To Net: NetName=LED3 Pin=U6-27
Added Pin To Net: NetName=ALMOUT Pin=U6-28
Added Class: Name=CaRe_Schematic_GARMENT_CONNECTOR
Added Member To Class: ClassName=CaRe_Schematic_SMD Member=Component P3 TEST
Added Member To Class: ClassName=CaRe_Schematic_SMD Member=Component U6 ATmega328P-PU
Added Room: Name=CaRe_Schematic_GARMENT_CONNECTOR
Added Room: Name=CaRe_Schematic_SMD
Added Room: Name=CaRe_Schematic_SMD_FRONT_PANEL
Added Room: Name=CaRe_Schematic_SMD_TOP_PANEL
