Replace Part C1 Chip Cap in \\psf\Google Drive\CaRe PCB Project 2014\CareBoard_SMD\CaRe_Schematic_SMD.SchDoc with Chip Cap from CaRe_SchematicLib.SchLib
Replace Part C2 Chip Cap in \\psf\Google Drive\CaRe PCB Project 2014\CareBoard_SMD\CaRe_Schematic_SMD.SchDoc with Chip Cap from CaRe_SchematicLib.SchLib
Replace Part C3 Chip Cap in \\psf\Google Drive\CaRe PCB Project 2014\CareBoard_SMD\CaRe_Schematic_SMD.SchDoc with Chip Cap from CaRe_SchematicLib.SchLib
Replace Part C4 Chip Cap in \\psf\Google Drive\CaRe PCB Project 2014\CareBoard_SMD\CaRe_Schematic_SMD.SchDoc with Chip Cap from CaRe_SchematicLib.SchLib
Replace Part C5 Chip Cap in \\psf\Google Drive\CaRe PCB Project 2014\CareBoard_SMD\CaRe_Schematic_SMD.SchDoc with Chip Cap from CaRe_SchematicLib.SchLib
Replace Part C6 Chip Cap in \\psf\Google Drive\CaRe PCB Project 2014\CareBoard_SMD\CaRe_Schematic_SMD.SchDoc with Chip Cap from CaRe_SchematicLib.SchLib
Replace Part C7 Chip Cap in \\psf\Google Drive\CaRe PCB Project 2014\CareBoard_SMD\CaRe_Schematic_SMD.SchDoc with Chip Cap from CaRe_SchematicLib.SchLib
Replace Part C8 Chip Cap in \\psf\Google Drive\CaRe PCB Project 2014\CareBoard_SMD\CaRe_Schematic_SMD.SchDoc with Chip Cap from CaRe_SchematicLib.SchLib
Replace Part C9 Cap Tant in \\psf\Google Drive\CaRe PCB Project 2014\CareBoard_SMD\CaRe_Schematic_SMD.SchDoc with Cap Tant from CaRe_SchematicLib.SchLib
Replace Part C10 Chip Cap in \\psf\Google Drive\CaRe PCB Project 2014\CareBoard_SMD\CaRe_Schematic_SMD.SchDoc with Chip Cap from CaRe_SchematicLib.SchLib
Replace Part C11 Chip Cap in \\psf\Google Drive\CaRe PCB Project 2014\CareBoard_SMD\CaRe_Schematic_SMD.SchDoc with Chip Cap from CaRe_SchematicLib.SchLib
Replace Part C12 Chip Cap in \\psf\Google Drive\CaRe PCB Project 2014\CareBoard_SMD\CaRe_Schematic_SMD.SchDoc with Chip Cap from CaRe_SchematicLib.SchLib
Replace Part C13 Cap Tant in \\psf\Google Drive\CaRe PCB Project 2014\CareBoard_SMD\CaRe_Schematic_SMD.SchDoc with Cap Tant from CaRe_SchematicLib.SchLib
Replace Part C14 Chip Cap in \\psf\Google Drive\CaRe PCB Project 2014\CareBoard_SMD\CaRe_Schematic_SMD.SchDoc with Chip Cap from CaRe_SchematicLib.SchLib
Replace Part C15 Chip Cap in \\psf\Google Drive\CaRe PCB Project 2014\CareBoard_SMD\CaRe_Schematic_SMD.SchDoc with Chip Cap from CaRe_SchematicLib.SchLib
Replace Part C16 Cap Tant in \\psf\Google Drive\CaRe PCB Project 2014\CareBoard_SMD\CaRe_Schematic_SMD.SchDoc with Cap Tant from CaRe_SchematicLib.SchLib
Replace Part C17 Chip Cap in \\psf\Google Drive\CaRe PCB Project 2014\CareBoard_SMD\CaRe_Schematic_SMD.SchDoc with Chip Cap from CaRe_SchematicLib.SchLib
Replace Part C18 Chip Cap in \\psf\Google Drive\CaRe PCB Project 2014\CareBoard_SMD\CaRe_Schematic_SMD.SchDoc with Chip Cap from CaRe_SchematicLib.SchLib
Replace Part C19 Chip Cap in \\psf\Google Drive\CaRe PCB Project 2014\CareBoard_SMD\CaRe_Schematic_SMD.SchDoc with Chip Cap from CaRe_SchematicLib.SchLib
Replace Part C20 Chip Cap in \\psf\Google Drive\CaRe PCB Project 2014\CareBoard_SMD\CaRe_Schematic_SMD.SchDoc with Chip Cap from CaRe_SchematicLib.SchLib
Replace Part C21 Chip Cap in \\psf\Google Drive\CaRe PCB Project 2014\CareBoard_SMD\CaRe_Schematic_SMD.SchDoc with Chip Cap from CaRe_SchematicLib.SchLib
Replace Part C22 Cap Tant in \\psf\Google Drive\CaRe PCB Project 2014\CareBoard_SMD\CaRe_Schematic_SMD.SchDoc with Cap Tant from CaRe_SchematicLib.SchLib
Replace Part C23 Cap Tant in \\psf\Google Drive\CaRe PCB Project 2014\CareBoard_SMD\CaRe_Schematic_SMD.SchDoc with Cap Tant from CaRe_SchematicLib.SchLib
Replace Part C24 Chip Cap in \\psf\Google Drive\CaRe PCB Project 2014\CareBoard_SMD\CaRe_Schematic_SMD.SchDoc with Chip Cap from CaRe_SchematicLib.SchLib
Replace Part C25 Chip Cap in \\psf\Google Drive\CaRe PCB Project 2014\CareBoard_SMD\CaRe_Schematic_SMD.SchDoc with Chip Cap from CaRe_SchematicLib.SchLib
Replace Part D1 BAT42W in \\psf\Google Drive\CaRe PCB Project 2014\CareBoard_SMD\CaRe_Schematic_SMD.SchDoc with BAT42W from CaRe_SchematicLib.SchLib
Replace Part D2 BAT42W in \\psf\Google Drive\CaRe PCB Project 2014\CareBoard_SMD\CaRe_Schematic_SMD.SchDoc with BAT42W from CaRe_SchematicLib.SchLib
Replace Part D3 BAT42W in \\psf\Google Drive\CaRe PCB Project 2014\CareBoard_SMD\CaRe_Schematic_SMD.SchDoc with BAT42W from CaRe_SchematicLib.SchLib
Replace Part DS1 CHIPLED_RED in \\psf\Google Drive\CaRe PCB Project 2014\CareBoard_SMD\CaRe_Schematic_SMD.SchDoc with CHIPLED_RED from CaRe_SchematicLib.SchLib
Replace Part F1 PTC Fuse in \\psf\Google Drive\CaRe PCB Project 2014\CareBoard_SMD\CaRe_Schematic_SMD.SchDoc with PTC Fuse from CaRe_SchematicLib.SchLib
Replace Part P1 Header 3X2 in \\psf\Google Drive\CaRe PCB Project 2014\CareBoard_SMD\CaRe_Schematic_SMD.SchDoc with Header 3X2 from Miscellaneous Connectors.IntLib
Replace Part P2 Header 4 in \\psf\Google Drive\CaRe PCB Project 2014\CareBoard_SMD\CaRe_Schematic_SMD.SchDoc with Header 4 from Miscellaneous Connectors.IntLib
Replace Part P4 Header 2 in \\psf\Google Drive\CaRe PCB Project 2014\CareBoard_SMD\CaRe_Schematic_SMD.SchDoc with Header 2 from Miscellaneous Connectors.IntLib
Replace Part P5 Header 5 in \\psf\Google Drive\CaRe PCB Project 2014\CareBoard_SMD\CaRe_Schematic_SMD.SchDoc with Header 5 from CaRe_SchematicLib.SchLib
Replace Part P6 Header 4 in \\psf\Google Drive\CaRe PCB Project 2014\CareBoard_SMD\CaRe_Schematic_SMD.SchDoc with Header 4 from Miscellaneous Connectors.IntLib
Replace Part P7 Header 7 in \\psf\Google Drive\CaRe PCB Project 2014\CareBoard_SMD\CaRe_Schematic_SMD.SchDoc with Header 7 from CaRe_SchematicLib.SchLib
Replace Part R1 Chip Res in \\psf\Google Drive\CaRe PCB Project 2014\CareBoard_SMD\CaRe_Schematic_SMD.SchDoc with Chip Res from CaRe_SchematicLib.SchLib
Replace Part R2 Chip Res in \\psf\Google Drive\CaRe PCB Project 2014\CareBoard_SMD\CaRe_Schematic_SMD.SchDoc with Chip Res from CaRe_SchematicLib.SchLib
Replace Part R3 Chip Res in \\psf\Google Drive\CaRe PCB Project 2014\CareBoard_SMD\CaRe_Schematic_SMD.SchDoc with Chip Res from CaRe_SchematicLib.SchLib
Replace Part R4 Chip Res in \\psf\Google Drive\CaRe PCB Project 2014\CareBoard_SMD\CaRe_Schematic_SMD.SchDoc with Chip Res from CaRe_SchematicLib.SchLib
Replace Part R5 Chip Res in \\psf\Google Drive\CaRe PCB Project 2014\CareBoard_SMD\CaRe_Schematic_SMD.SchDoc with Chip Res from CaRe_SchematicLib.SchLib
Replace Part R6 Chip Res in \\psf\Google Drive\CaRe PCB Project 2014\CareBoard_SMD\CaRe_Schematic_SMD.SchDoc with Chip Res from CaRe_SchematicLib.SchLib
Replace Part R7 Chip Res in \\psf\Google Drive\CaRe PCB Project 2014\CareBoard_SMD\CaRe_Schematic_SMD.SchDoc with Chip Res from CaRe_SchematicLib.SchLib
Replace Part R8 Chip Res in \\psf\Google Drive\CaRe PCB Project 2014\CareBoard_SMD\CaRe_Schematic_SMD.SchDoc with Chip Res from CaRe_SchematicLib.SchLib
Replace Part R9 Chip Res in \\psf\Google Drive\CaRe PCB Project 2014\CareBoard_SMD\CaRe_Schematic_SMD.SchDoc with Chip Res from CaRe_SchematicLib.SchLib
Replace Part R10 Chip Res in \\psf\Google Drive\CaRe PCB Project 2014\CareBoard_SMD\CaRe_Schematic_SMD.SchDoc with Chip Res from CaRe_SchematicLib.SchLib
Replace Part R11 Chip Res in \\psf\Google Drive\CaRe PCB Project 2014\CareBoard_SMD\CaRe_Schematic_SMD.SchDoc with Chip Res from CaRe_SchematicLib.SchLib
Replace Part R12 Chip Res in \\psf\Google Drive\CaRe PCB Project 2014\CareBoard_SMD\CaRe_Schematic_SMD.SchDoc with Chip Res from CaRe_SchematicLib.SchLib
Replace Part R13 Chip Res in \\psf\Google Drive\CaRe PCB Project 2014\CareBoard_SMD\CaRe_Schematic_SMD.SchDoc with Chip Res from CaRe_SchematicLib.SchLib
Replace Part R14 Chip Res in \\psf\Google Drive\CaRe PCB Project 2014\CareBoard_SMD\CaRe_Schematic_SMD.SchDoc with Chip Res from CaRe_SchematicLib.SchLib
Replace Part R15 Chip Res in \\psf\Google Drive\CaRe PCB Project 2014\CareBoard_SMD\CaRe_Schematic_SMD.SchDoc with Chip Res from CaRe_SchematicLib.SchLib
Replace Part R16 Chip Res in \\psf\Google Drive\CaRe PCB Project 2014\CareBoard_SMD\CaRe_Schematic_SMD.SchDoc with Chip Res from CaRe_SchematicLib.SchLib
Replace Part R17 Chip Res in \\psf\Google Drive\CaRe PCB Project 2014\CareBoard_SMD\CaRe_Schematic_SMD.SchDoc with Chip Res from CaRe_SchematicLib.SchLib
Replace Part R18 Chip Res in \\psf\Google Drive\CaRe PCB Project 2014\CareBoard_SMD\CaRe_Schematic_SMD.SchDoc with Chip Res from CaRe_SchematicLib.SchLib
Replace Part R19 Chip Res in \\psf\Google Drive\CaRe PCB Project 2014\CareBoard_SMD\CaRe_Schematic_SMD.SchDoc with Chip Res from CaRe_SchematicLib.SchLib
Replace Part R20 Chip Res in \\psf\Google Drive\CaRe PCB Project 2014\CareBoard_SMD\CaRe_Schematic_SMD.SchDoc with Chip Res from CaRe_SchematicLib.SchLib
Replace Part R21 Chip Res in \\psf\Google Drive\CaRe PCB Project 2014\CareBoard_SMD\CaRe_Schematic_SMD.SchDoc with Chip Res from CaRe_SchematicLib.SchLib
Replace Part U4 LM4040 in \\psf\Google Drive\CaRe PCB Project 2014\CareBoard_SMD\CaRe_Schematic_SMD.SchDoc with LM4040 from CaRe_SchematicLib.SchLib
Replace Part U7 MCP73831T-2ADI/OT in \\psf\Google Drive\CaRe PCB Project 2014\CareBoard_SMD\CaRe_Schematic_SMD.SchDoc with MCP73831T-2ADI/OT from CaRe_SchematicLib.SchLib
Replace Part U8 TPS61200DRCT in \\psf\Google Drive\CaRe PCB Project 2014\CareBoard_SMD\CaRe_Schematic_SMD.SchDoc with TPS61200DRCT from CaRe_SchematicLib.SchLib
